[    0.000000] Linux version 4.15.0-213-generic (buildd@lcy02-amd64-079) (gcc version 7.5.0 (Ubuntu 7.5.0-3ubuntu1~18.04)) #224-Ubuntu SMP Mon Jun 19 13:30:12 UTC 2023 (Ubuntu 4.15.0-213.224-generic 4.15.18)
[    0.000000] Command line: BOOT_IMAGE=/boot/vmlinuz-4.15.0-213-generic root=UUID=f685bb41-0e3b-40c4-89c1-eea0f0583525 ro console=tty1 console=ttyS0
[    0.000000] KERNEL supported cpus:
[    0.000000]   Intel GenuineIntel
[    0.000000]   AMD AuthenticAMD
[    0.000000]   Centaur CentaurHauls
[    0.000000] x86/fpu: Supporting XSAVE feature 0x001: 'x87 floating point registers'
[    0.000000] x86/fpu: Supporting XSAVE feature 0x002: 'SSE registers'
[    0.000000] x86/fpu: Supporting XSAVE feature 0x004: 'AVX registers'
[    0.000000] x86/fpu: xstate_offset[2]:  576, xstate_sizes[2]:  256
[    0.000000] x86/fpu: Enabled xstate features 0x7, context size is 832 bytes, using 'standard' format.
[    0.000000] e820: BIOS-provided physical RAM map:
[    0.000000] BIOS-e820: [mem 0x0000000000000000-0x000000000009fbff] usable
[    0.000000] BIOS-e820: [mem 0x000000000009fc00-0x000000000009ffff] reserved
[    0.000000] BIOS-e820: [mem 0x00000000000f0000-0x00000000000fffff] reserved
[    0.000000] BIOS-e820: [mem 0x0000000000100000-0x000000007ffeffff] usable
[    0.000000] BIOS-e820: [mem 0x000000007fff0000-0x000000007fffffff] ACPI data
[    0.000000] BIOS-e820: [mem 0x00000000fec00000-0x00000000fec00fff] reserved
[    0.000000] BIOS-e820: [mem 0x00000000fee00000-0x00000000fee00fff] reserved
[    0.000000] BIOS-e820: [mem 0x00000000fffc0000-0x00000000ffffffff] reserved
[    0.000000] NX (Execute Disable) protection: active
[    0.000000] SMBIOS 2.5 present.
[    0.000000] DMI: innotek GmbH VirtualBox/VirtualBox, BIOS VirtualBox 12/01/2006
[    0.000000] Hypervisor detected: KVM
[    0.000000] e820: last_pfn = 0x7fff0 max_arch_pfn = 0x400000000
[    0.000000] MTRR: Disabled
[    0.000000] x86/PAT: MTRRs disabled, skipping PAT initialization too.
[    0.000000] CPU MTRRs all blank - virtualized system.
[    0.000000] x86/PAT: Configuration [0-7]: WB  WT  UC- UC  WB  WT  UC- UC  
[    0.000000] found SMP MP-table at [mem 0x0009fff0-0x0009ffff]
[    0.000000] Scanning 1 areas for low memory corruption
[    0.000000] RAMDISK: [mem 0x35819000-0x36c03fff]
[    0.000000] ACPI: Early table checksum verification disabled
[    0.000000] ACPI: RSDP 0x00000000000E0000 000024 (v02 VBOX  )
[    0.000000] ACPI: XSDT 0x000000007FFF0030 00003C (v01 VBOX   VBOXXSDT 00000001 ASL  00000061)
[    0.000000] ACPI: FACP 0x000000007FFF00F0 0000F4 (v04 VBOX   VBOXFACP 00000001 ASL  00000061)
[    0.000000] ACPI: DSDT 0x000000007FFF0610 002353 (v02 VBOX   VBOXBIOS 00000002 INTL 20100528)
[    0.000000] ACPI: FACS 0x000000007FFF0200 000040
[    0.000000] ACPI: FACS 0x000000007FFF0200 000040
[    0.000000] ACPI: APIC 0x000000007FFF0240 00005C (v02 VBOX   VBOXAPIC 00000001 ASL  00000061)
[    0.000000] ACPI: SSDT 0x000000007FFF02A0 00036C (v01 VBOX   VBOXCPUT 00000002 INTL 20100528)
[    0.000000] ACPI: Reserving FACP table memory at [mem 0x7fff00f0-0x7fff01e3]
[    0.000000] ACPI: Reserving DSDT table memory at [mem 0x7fff0610-0x7fff2962]
[    0.000000] ACPI: Reserving FACS table memory at [mem 0x7fff0200-0x7fff023f]
[    0.000000] ACPI: Reserving FACS table memory at [mem 0x7fff0200-0x7fff023f]
[    0.000000] ACPI: Reserving APIC table memory at [mem 0x7fff0240-0x7fff029b]
[    0.000000] ACPI: Reserving SSDT table memory at [mem 0x7fff02a0-0x7fff060b]
[    0.000000] No NUMA configuration found
[    0.000000] Faking a node at [mem 0x0000000000000000-0x000000007ffeffff]
[    0.000000] NODE_DATA(0) allocated [mem 0x7ffc5000-0x7ffeffff]
[    0.000000] kvm-clock: cpu 0, msr 0:7ff44001, primary cpu clock
[    0.000000] kvm-clock: Using msrs 4b564d01 and 4b564d00
[    0.000000] kvm-clock: using sched offset of 3264018268 cycles
[    0.000000] clocksource: kvm-clock: mask: 0xffffffffffffffff max_cycles: 0x1cd42e4dffb, max_idle_ns: 881590591483 ns
[    0.000000] Zone ranges:
[    0.000000]   DMA      [mem 0x0000000000001000-0x0000000000ffffff]
[    0.000000]   DMA32    [mem 0x0000000001000000-0x000000007ffeffff]
[    0.000000]   Normal   empty
[    0.000000]   Device   empty
[    0.000000] Movable zone start for each node
[    0.000000] Early memory node ranges
[    0.000000]   node   0: [mem 0x0000000000001000-0x000000000009efff]
[    0.000000]   node   0: [mem 0x0000000000100000-0x000000007ffeffff]
[    0.000000] Reserved but unavailable: 104 pages
[    0.000000] Initmem setup node 0 [mem 0x0000000000001000-0x000000007ffeffff]
[    0.000000] ACPI: PM-Timer IO Port: 0x4008
[    0.000000] IOAPIC[0]: apic_id 2, version 32, address 0xfec00000, GSI 0-23
[    0.000000] ACPI: INT_SRC_OVR (bus 0 bus_irq 0 global_irq 2 dfl dfl)
[    0.000000] ACPI: INT_SRC_OVR (bus 0 bus_irq 9 global_irq 9 low level)
[    0.000000] Using ACPI (MADT) for SMP configuration information
[    0.000000] smpboot: Allowing 2 CPUs, 0 hotplug CPUs
[    0.000000] PM: Registered nosave memory: [mem 0x00000000-0x00000fff]
[    0.000000] PM: Registered nosave memory: [mem 0x0009f000-0x0009ffff]
[    0.000000] PM: Registered nosave memory: [mem 0x000a0000-0x000effff]
[    0.000000] PM: Registered nosave memory: [mem 0x000f0000-0x000fffff]
[    0.000000] e820: [mem 0x80000000-0xfebfffff] available for PCI devices
[    0.000000] Booting paravirtualized kernel on KVM
[    0.000000] clocksource: refined-jiffies: mask: 0xffffffff max_cycles: 0xffffffff, max_idle_ns: 7645519600211568 ns
[    0.000000] setup_percpu: NR_CPUS:8192 nr_cpumask_bits:2 nr_cpu_ids:2 nr_node_ids:1
[    0.000000] percpu: Embedded 50 pages/cpu s167936 r8192 d28672 u1048576
[    0.000000] PV qspinlock hash table entries: 256 (order: 0, 4096 bytes)
[    0.000000] Built 1 zonelists, mobility grouping on.  Total pages: 515961
[    0.000000] Policy zone: DMA32
[    0.000000] Kernel command line: BOOT_IMAGE=/boot/vmlinuz-4.15.0-213-generic root=UUID=f685bb41-0e3b-40c4-89c1-eea0f0583525 ro console=tty1 console=ttyS0
[    0.000000] Memory: 2013968K/2096696K available (12300K kernel code, 2477K rwdata, 4324K rodata, 2480K init, 2720K bss, 82728K reserved, 0K cma-reserved)
[    0.000000] SLUB: HWalign=64, Order=0-3, MinObjects=0, CPUs=2, Nodes=1
[    0.000000] ftrace: allocating 39508 entries in 155 pages
[    0.004000] Hierarchical RCU implementation.
[    0.004000] 	RCU restricting CPUs from NR_CPUS=8192 to nr_cpu_ids=2.
[    0.004000] 	Tasks RCU enabled.
[    0.004000] RCU: Adjusting geometry for rcu_fanout_leaf=16, nr_cpu_ids=2
[    0.004000] NR_IRQS: 524544, nr_irqs: 440, preallocated irqs: 16
[    0.004000] random: crng init done
[    0.004000] Console: colour VGA+ 80x25
[    0.004000] console [tty1] enabled
[    0.004000] console [ttyS0] enabled
[    0.004000] ACPI: Core revision 20170831
[    0.004000] ACPI: 2 ACPI AML tables successfully acquired and loaded
[    0.004000] APIC: Switch to symmetric I/O mode setup
[    0.004000] x2apic enabled
[    0.004000] Switched APIC routing to physical x2apic.
[    0.004000] ..TIMER: vector=0x30 apic1=0 pin1=2 apic2=-1 pin2=-1
[    0.004000] tsc: Detected 2904.002 MHz processor
[    0.004008] Calibrating delay loop (skipped) preset value.. 5808.00 BogoMIPS (lpj=11616008)
[    0.005074] pid_max: default: 32768 minimum: 301
[    0.005698] Security Framework initialized
[    0.006246] Yama: becoming mindful.
[    0.006732] AppArmor: AppArmor initialized
[    0.008122] Dentry cache hash table entries: 262144 (order: 9, 2097152 bytes)
[    0.012036] Inode-cache hash table entries: 131072 (order: 8, 1048576 bytes)
[    0.012930] Mount-cache hash table entries: 4096 (order: 3, 32768 bytes)
[    0.013778] Mountpoint-cache hash table entries: 4096 (order: 3, 32768 bytes)
[    0.016202] Last level iTLB entries: 4KB 64, 2MB 8, 4MB 8
[    0.016909] Last level dTLB entries: 4KB 64, 2MB 0, 4MB 0, 1GB 4
[    0.017676] Spectre V1 : Mitigation: usercopy/swapgs barriers and __user pointer sanitization
[    0.018767] Spectre V2 : Mitigation: Retpolines
[    0.019368] Spectre V2 : Spectre v2 / SpectreRSB mitigation: Filling RSB on context switch
[    0.020001] Spectre V2 : Spectre v2 / SpectreRSB : Filling RSB on VMEXIT
[    0.020847] RETBleed: WARNING: Spectre v2 mitigation leaves CPU vulnerable to RETBleed attacks, data leaks possible!
[    0.022165] RETBleed: Vulnerable
[    0.022609] Speculative Store Bypass: Vulnerable
[    0.023261] MMIO Stale Data: Vulnerable: Clear CPU buffers attempted, no microcode
[    0.024003] SRBDS: Unknown: Dependent on hypervisor status
[    0.024847] Freeing SMP alternatives memory: 36K
[    0.135467] smpboot: CPU0: Intel(R) Core(TM) i5-10400 CPU @ 2.90GHz (family: 0x6, model: 0xa5, stepping: 0x3)
[    0.136000] Performance Events: unsupported p6 CPU model 165 no PMU driver, software events only.
[    0.136000] Hierarchical SRCU implementation.
[    0.136000] NMI watchdog: Perf event create on CPU 0 failed with -2
[    0.136001] NMI watchdog: Perf NMI watchdog permanently disabled
[    0.136855] smp: Bringing up secondary CPUs ...
[    0.137503] x86: Booting SMP configuration:
[    0.138050] .... node  #0, CPUs:      #1
[    0.004000] kvm-clock: cpu 1, msr 0:7ff44041, secondary cpu clock
[    0.142099] smp: Brought up 1 node, 2 CPUs
[    0.142099] smpboot: Max logical packages: 1
[    0.142099] smpboot: Total of 2 processors activated (11616.00 BogoMIPS)
[    0.144148] devtmpfs: initialized
[    0.144505] x86/mm: Memory block size: 128MB
[    0.145323] evm: security.selinux
[    0.145815] evm: security.SMACK64
[    0.146296] evm: security.SMACK64EXEC
[    0.146812] evm: security.SMACK64TRANSMUTE
[    0.148002] evm: security.SMACK64MMAP
[    0.148539] evm: security.apparmor
[    0.148998] evm: security.ima
[    0.149407] evm: security.capability
[    0.149910] clocksource: jiffies: mask: 0xffffffff max_cycles: 0xffffffff, max_idle_ns: 7645041785100000 ns
[    0.149910] futex hash table entries: 512 (order: 3, 32768 bytes)
[    0.152030] pinctrl core: initialized pinctrl subsystem
[    0.152770] RTC time:  2:08:41, date: 11/11/23
[    0.153479] NET: Registered protocol family 16
[    0.154110] audit: initializing netlink subsys (disabled)
[    0.154819] audit: type=2000 audit(1699668526.358:1): state=initialized audit_enabled=0 res=1
[    0.156006] cpuidle: using governor ladder
[    0.156552] cpuidle: using governor menu
[    0.157090] ACPI: bus type PCI registered
[    0.157724] acpiphp: ACPI Hot Plug PCI Controller Driver version: 0.5
[    0.158600] PCI: Using configuration type 1 for base access
[    0.160708] HugeTLB registered 2.00 MiB page size, pre-allocated 0 pages
[    0.164047] ACPI: Added _OSI(Module Device)
[    0.164599] ACPI: Added _OSI(Processor Device)
[    0.165175] ACPI: Added _OSI(3.0 _SCP Extensions)
[    0.165874] ACPI: Added _OSI(Processor Aggregator Device)
[    0.166575] ACPI: Added _OSI(Linux-Dell-Video)
[    0.167151] ACPI: Added _OSI(Linux-Lenovo-NV-HDMI-Audio)
[    0.167822] ACPI: Added _OSI(Linux-HPI-Hybrid-Graphics)
[    0.168223] ACPI: Executed 1 blocks of module-level executable AML code
[    0.171390] ACPI: Interpreter enabled
[    0.172009] ACPI: (supports S0 S5)
[    0.172475] ACPI: Using IOAPIC for interrupt routing
[    0.173273] PCI: Using host bridge windows from ACPI; if necessary, use "pci=nocrs" and report a bug
[    0.174600] ACPI: Enabled 2 GPEs in block 00 to 07
[    0.180150] ACPI: PCI Root Bridge [PCI0] (domain 0000 [bus 00-ff])
[    0.180931] acpi PNP0A03:00: _OSC: OS supports [ASPM ClockPM Segments MSI]
[    0.182245] acpi PNP0A03:00: _OSC: not requesting OS control; OS requires [ExtendedConfig ASPM ClockPM MSI]
[    0.183493] acpi PNP0A03:00: fail to add MMCONFIG information, can't access extended PCI configuration space under this bridge.
[    0.184295] PCI host bridge to bus 0000:00
[    0.184832] pci_bus 0000:00: root bus resource [io  0x0000-0x0cf7 window]
[    0.186129] pci_bus 0000:00: root bus resource [io  0x0d00-0xffff window]
[    0.186978] pci_bus 0000:00: root bus resource [mem 0x000a0000-0x000bffff window]
[    0.188002] pci_bus 0000:00: root bus resource [mem 0x80000000-0xfdffffff window]
[    0.188957] pci_bus 0000:00: root bus resource [bus 00-ff]
[    0.192002] pci 0000:00:01.1: legacy IDE quirk: reg 0x10: [io  0x01f0-0x01f7]
[    0.192884] pci 0000:00:01.1: legacy IDE quirk: reg 0x14: [io  0x03f6]
[    0.193702] pci 0000:00:01.1: legacy IDE quirk: reg 0x18: [io  0x0170-0x0177]
[    0.194595] pci 0000:00:01.1: legacy IDE quirk: reg 0x1c: [io  0x0376]
[    0.211241] pci 0000:00:07.0: quirk: [io  0x4000-0x403f] claimed by PIIX4 ACPI
[    0.212000] pci 0000:00:07.0: quirk: [io  0x4100-0x410f] claimed by PIIX4 SMB
[    0.217832] ACPI: PCI Interrupt Link [LNKA] (IRQs 5 9 10 *11)
[    0.218826] ACPI: PCI Interrupt Link [LNKB] (IRQs 5 9 *10 11)
[    0.219647] ACPI: PCI Interrupt Link [LNKC] (IRQs 5 *9 10 11)
[    0.220086] ACPI: PCI Interrupt Link [LNKD] (IRQs 5 9 10 *11)
[    0.221098] SCSI subsystem initialized
[    0.221631] pci 0000:00:02.0: vgaarb: setting as boot VGA device
[    0.221631] pci 0000:00:02.0: vgaarb: VGA device added: decodes=io+mem,owns=io+mem,locks=none
[    0.224007] pci 0000:00:02.0: vgaarb: bridge control possible
[    0.224731] vgaarb: loaded
[    0.225131] ACPI: bus type USB registered
[    0.225672] usbcore: registered new interface driver usbfs
[    0.226381] usbcore: registered new interface driver hub
[    0.227063] usbcore: registered new device driver usb
[    0.227742] EDAC MC: Ver: 3.0.0
[    0.228165] PCI: Using ACPI for IRQ routing
[    0.228793] NetLabel: Initializing
[    0.229270] NetLabel:  domain hash size = 128
[    0.229842] NetLabel:  protocols = UNLABELED CIPSOv4 CALIPSO
[    0.230563] NetLabel:  unlabeled traffic allowed by default
[    0.232062] clocksource: Switched to clocksource kvm-clock
[    0.246423] VFS: Disk quotas dquot_6.6.0
[    0.246979] VFS: Dquot-cache hash table entries: 512 (order 0, 4096 bytes)
[    0.247900] AppArmor: AppArmor Filesystem Enabled
[    0.248574] pnp: PnP ACPI init
[    0.249844] pnp: PnP ACPI: found 3 devices
[    0.257762] clocksource: acpi_pm: mask: 0xffffff max_cycles: 0xffffff, max_idle_ns: 2085701024 ns
[    0.258950] NET: Registered protocol family 2
[    0.259574] IP idents hash table entries: 32768 (order: 6, 262144 bytes)
[    0.260699] TCP established hash table entries: 16384 (order: 5, 131072 bytes)
[    0.263989] TCP bind hash table entries: 16384 (order: 6, 262144 bytes)
[    0.264887] TCP: Hash tables configured (established 16384 bind 16384)
[    0.265839] UDP hash table entries: 1024 (order: 3, 32768 bytes)
[    0.266619] UDP-Lite hash table entries: 1024 (order: 3, 32768 bytes)
[    0.267463] NET: Registered protocol family 1
[    0.268056] pci 0000:00:00.0: Limiting direct PCI/PCI transfers
[    0.268858] pci 0000:00:01.0: Activating ISA DMA hang workarounds
[    0.269676] pci 0000:00:02.0: Video device with shadowed ROM at [mem 0x000c0000-0x000dffff]
[    0.270823] Unpacking initramfs...
[    0.561840] Freeing initrd memory: 20396K
[    0.562718] clocksource: tsc: mask: 0xffffffffffffffff max_cycles: 0x29dc079b5d9, max_idle_ns: 440795223751 ns
[    0.564545] platform rtc_cmos: registered platform RTC device (no PNP device found)
[    0.565630] Scanning for low memory corruption every 60 seconds
[    0.567068] Initialise system trusted keyrings
[    0.567761] Key type blacklist registered
[    0.568425] workingset: timestamp_bits=36 max_order=19 bucket_order=0
[    0.569887] zbud: loaded
[    0.570678] squashfs: version 4.0 (2009/01/31) Phillip Lougher
[    0.571674] fuse init (API version 7.26)
[    0.576651] Key type asymmetric registered
[    0.577201] Asymmetric key parser 'x509' registered
[    0.577864] Block layer SCSI generic (bsg) driver version 0.4 loaded (major 246)
[    0.578924] io scheduler noop registered
[    0.579458] io scheduler deadline registered
[    0.580036] io scheduler cfq registered (default)
[    0.580939] ACPI: AC Adapter [AC] (on-line)
[    0.581528] input: Power Button as /devices/LNXSYSTM:00/LNXPWRBN:00/input/input0
[    0.582675] ACPI: Power Button [PWRF]
[    0.583232] input: Sleep Button as /devices/LNXSYSTM:00/LNXSLPBN:00/input/input1
[    0.584255] ACPI: Sleep Button [SLPF]
[    0.585313] Serial: 8250/16550 driver, 32 ports, IRQ sharing enabled
[    0.606673] 00:02: ttyS0 at I/O 0x3f8 (irq = 4, base_baud = 115200) is a 16550A
[    0.610948] Linux agpgart interface v0.103
[    0.612539] loop: module loaded
[    0.613398] scsi host0: ata_piix
[    0.613921] scsi host1: ata_piix
[    0.614389] ata1: PATA max UDMA/33 cmd 0x1f0 ctl 0x3f6 bmdma 0xd000 irq 14
[    0.615255] ata2: PATA max UDMA/33 cmd 0x170 ctl 0x376 bmdma 0xd008 irq 15
[    0.616604] tun: Universal TUN/TAP device driver, 1.6
[    0.617308] PPP generic driver version 2.4.2
[    0.617910] ehci_hcd: USB 2.0 'Enhanced' Host Controller (EHCI) Driver
[    0.618730] ehci-pci: EHCI PCI platform driver
[    0.619320] ehci-platform: EHCI generic platform driver
[    0.619988] ohci_hcd: USB 1.1 'Open' Host Controller (OHCI) Driver
[    0.620820] ohci-pci: OHCI PCI platform driver
[    0.621407] ohci-platform: OHCI generic platform driver
[    0.622083] uhci_hcd: USB Universal Host Controller Interface driver
[    0.622918] i8042: PNP: PS/2 Controller [PNP0303:PS2K,PNP0f03:PS2M] at 0x60,0x64 irq 1,12
[    0.624351] serio: i8042 KBD port at 0x60,0x64 irq 1
[    0.625016] serio: i8042 AUX port at 0x60,0x64 irq 12
[    0.625872] mousedev: PS/2 mouse device common for all mice
[    0.627277] rtc_cmos rtc_cmos: rtc core: registered rtc_cmos as rtc0
[    0.628423] rtc_cmos rtc_cmos: alarms up to one day, 114 bytes nvram
[    0.629255] input: AT Translated Set 2 keyboard as /devices/platform/i8042/serio0/input/input2
[    0.630359] i2c /dev entries driver
[    0.630969] device-mapper: uevent: version 1.0.3
[    0.631662] device-mapper: ioctl: 4.37.0-ioctl (2017-09-20) initialised: dm-devel@redhat.com
[    0.633012] ledtrig-cpu: registered to indicate activity on CPUs
[    0.634221] NET: Registered protocol family 10
[    0.637984] Segment Routing with IPv6
[    0.638487] NET: Registered protocol family 17
[    0.639113] Key type dns_resolver registered
[    0.639829] mce: Using 0 MCE banks
[    0.640335] RAS: Correctable Errors collector initialized.
[    0.641059] sched_clock: Marking stable (640318332, 0)->(790801996, -150483664)
[    0.642514] registered taskstats version 1
[    0.643077] Loading compiled-in X.509 certificates
[    0.645439] Loaded X.509 cert 'Build time autogenerated kernel key: cdc7189136aaa35407544516090e2034d9c28e14'
[    0.647090] Loaded X.509 cert 'Canonical Ltd. Live Patch Signing: 14df34d1a87cf37625abec039ef2bf521249b969'
[    0.649089] Loaded X.509 cert 'Canonical Ltd. Kernel Module Signing: 88f752e560a1e0737e31163a466ad7b70a850c19'
[    0.650357] blacklist: Loading compiled-in revocation X.509 certificates
[    0.651199] Loaded X.509 cert 'Canonical Ltd. Secure Boot Signing: 61482aa2830d0ab2ad5af10b7250da9033ddcef0'
[    0.652466] Loaded X.509 cert 'Canonical Ltd. Secure Boot Signing (2017): 242ade75ac4a15e50d50c84b0d45ff3eae707a03'
[    0.653760] Loaded X.509 cert 'Canonical Ltd. Secure Boot Signing (ESM 2018): 365188c1d374d6b07c3c8f240f8ef722433d6a8b'
[    0.655095] Loaded X.509 cert 'Canonical Ltd. Secure Boot Signing (2019): c0746fd6c5da3ae827864651ad66ae47fe24b3e8'
[    0.656408] Loaded X.509 cert 'Canonical Ltd. Secure Boot Signing (2021 v1): a8d54bbb3825cfb94fa13c9f8a594a195c107b8d'
[    0.657730] Loaded X.509 cert 'Canonical Ltd. Secure Boot Signing (2021 v2): 4cf046892d6fd3c9a5b03f98d845f90851dc6a8c'
[    0.659089] Loaded X.509 cert 'Canonical Ltd. Secure Boot Signing (2021 v3): 100437bb6de6e469b581e61cd66bce3ef4ed53af'
[    0.660431] Loaded X.509 cert 'Canonical Ltd. Secure Boot Signing (Ubuntu Core 2019): c1d57b8f6b743f23ee41f4f7ee292f06eecadfb9'
[    0.661846] zswap: loaded using pool lzo/zbud
[    0.665315] Key type big_key registered
[    0.665949] Key type trusted registered
[    0.667860] Key type encrypted registered
[    0.668685] AppArmor: AppArmor sha1 policy hashing enabled
[    0.669386] ima: No TPM chip found, activating TPM-bypass! (rc=-19)
[    0.670167] ima: Allocated hash algorithm: sha1
[    0.670761] evm: HMAC attrs: 0x1
[    0.671355]   Magic number: 15:131:106
[    0.671959] rtc_cmos rtc_cmos: setting system clock to 2023-11-11 02:08:42 UTC (1699668522)
[    0.673150] BIOS EDD facility v0.16 2004-Jun-25, 0 devices found
[    0.673905] EDD information not available.
[    0.801792] Freeing unused kernel image memory: 2480K
[    1.144861] Write protecting the kernel read-only data: 20480k
[    1.146395] Freeing unused kernel image memory: 2008K
[    1.147270] Freeing unused kernel image memory: 1820K
[    1.154685] x86/mm: Checked W+X mappings: passed, no W+X pages found.
Loading, please wait...
starting version 237
[    1.202082] Fusion MPT base driver 3.04.20
[    1.202897] Copyright (c) 1999-2008 LSI Corporation
[    1.203755] e1000: Intel(R) PRO/1000 Network Driver - version 7.3.21-k8-NAPI
[    1.204664] e1000: Copyright (c) 1999-2006 Intel Corporation.
[    1.217807] AVX2 version of gcm_enc/dec engaged.
[    1.218412] AES CTR mode by8 optimization enabled
[    1.220891] Fusion MPT SPI Host driver 3.04.20
[    1.409056] input: ImExPS/2 Generic Explorer Mouse as /devices/platform/i8042/serio1/input/input4
[    1.577134] e1000 0000:00:03.0 eth0: (PCI:33MHz:32-bit) 02:3b:7b:b7:3b:2d
[    1.579645] e1000 0000:00:03.0 eth0: Intel(R) PRO/1000 Network Connection
[    1.583152] mptbase: ioc0: Initiating bringup
[    1.584407] e1000 0000:00:03.0 enp0s3: renamed from eth0
[    1.693050] ioc0: LSI53C1030 A0: Capabilities={Initiator}
[    1.938118] scsi host2: ioc0: LSI53C1030 A0, FwRev=00000000h, Ports=1, MaxQ=256, IRQ=20
[    2.108642] scsi 2:0:0:0: Direct-Access     VBOX     HARDDISK         1.0  PQ: 0 ANSI: 5
[    2.144753] scsi target2:0:0: Beginning Domain Validation
[    2.148965] scsi target2:0:0: Domain Validation skipping write tests
[    2.149989] scsi target2:0:0: Ending Domain Validation
[    2.150866] scsi target2:0:0: asynchronous
[    2.152474] scsi 2:0:1:0: Direct-Access     VBOX     HARDDISK         1.0  PQ: 0 ANSI: 5
[    2.184602] scsi target2:0:1: Beginning Domain Validation
[    2.188082] scsi target2:0:1: Domain Validation skipping write tests
[    2.188918] scsi target2:0:1: Ending Domain Validation
[    2.189631] scsi target2:0:1: asynchronous
[    2.193338] sd 2:0:0:0: Attached scsi generic sg0 type 0
[    2.193445] sd 2:0:0:0: [sda] 83886080 512-byte logical blocks: (42.9 GB/40.0 GiB)
[    2.195113] sd 2:0:0:0: [sda] Write Protect is off
[    2.195833] sd 2:0:1:0: Attached scsi generic sg1 type 0
[    2.196038] sd 2:0:0:0: [sda] Incomplete mode parameter data
[    2.197577] sd 2:0:0:0: [sda] Assuming drive cache: write through
[    2.198401] sd 2:0:1:0: [sdb] 20480 512-byte logical blocks: (10.5 MB/10.0 MiB)
[    2.199388]  sda: sda1
[    2.199812] sd 2:0:1:0: [sdb] Write Protect is off
[    2.200191] sd 2:0:0:0: [sda] Attached SCSI disk
[    2.201398] sd 2:0:1:0: [sdb] Incomplete mode parameter data
[    2.202131] sd 2:0:1:0: [sdb] Assuming drive cache: write through
[    2.205508] sd 2:0:1:0: [sdb] Attached SCSI disk
Begin: Loading essential drivers ... [    3.756098] raid6: sse2x1   gen() 13232 MB/s
[    3.804048] raid6: sse2x1   xor()  7890 MB/s
[    3.852082] raid6: sse2x2   gen() 16206 MB/s
[    3.900059] raid6: sse2x2   xor() 10582 MB/s
[    3.948076] raid6: sse2x4   gen() 16950 MB/s
[    3.996032] raid6: sse2x4   xor()  7887 MB/s
[    4.044052] raid6: avx2x1   gen() 23716 MB/s
[    4.092041] raid6: avx2x1   xor() 15529 MB/s
[    4.140064] raid6: avx2x2   gen() 27799 MB/s
[    4.188064] raid6: avx2x2   xor() 20387 MB/s
[    4.236087] raid6: avx2x4   gen() 31870 MB/s
[    4.284077] raid6: avx2x4   xor() 16247 MB/s
[    4.284984] raid6: using algorithm avx2x4 gen() 31870 MB/s
[    4.286028] raid6: .... xor() 16247 MB/s, rmw enabled
[    4.286766] raid6: using avx2x2 recovery algorithm
[    4.288440] xor: automatically using best checksumming function   avx       
[    4.291239] async_tx: api initialized (async)
done.
Begin: Running /scripts/init-premount ... done.
Begin: Mounting root file system ... Begin: Running /scripts/local-top ... done.
Begin: Running /scripts/local-premount ... [    4.329163] Btrfs loaded, crc32c=crc32c-intel
Scanning for Btrfs filesystems
done.
Begin: Will now check root file system ... fsck from util-linux 2.31.1
[/sbin/fsck.ext4 (1) -- /dev/sda1] fsck.ext4 -a -C0 /dev/sda1 
cloudimg-rootfs: recovering journal
cloudimg-rootfs: Clearing orphaned inode 271725 (uid=111, gid=116, mode=0100644, size=134447)
cloudimg-rootfs: clean, 123455/5120000 files, 1714883/10485499 blocks
done.
[    4.711535] EXT4-fs (sda1): mounted filesystem with ordered data mode. Opts: (null)
done.
Begin: Running /scripts/local-bottom ... done.
Begin: Running /scripts/init-bottom ... done.
[    4.953760] ip_tables: (C) 2000-2006 Netfilter Core Team
[    4.965205] systemd[1]: systemd 237 running in system mode. (+PAM +AUDIT +SELINUX +IMA +APPARMOR +SMACK +SYSVINIT +UTMP +LIBCRYPTSETUP +GCRYPT +GNUTLS +ACL +XZ +LZ4 +SECCOMP +BLKID +ELFUTILS +KMOD -IDN2 +IDN -PCRE2 default-hierarchy=hybrid)
[    4.967937] systemd[1]: Detected virtualization oracle.
[    4.968665] systemd[1]: Detected architecture x86-64.

Welcome to [1mUbuntu 18.04.6 LTS[0m!

[    4.973585] systemd[1]: Set hostname to <ubuntu-bionic>.
[    5.273180] systemd[1]: Set up automount Arbitrary Executable File Formats File System Automount Point.
[[0;32m  OK  [0m] Set up automount Arbitrary Executab…rmats File System Automount Point.
[    5.275606] systemd[1]: Reached target Swap.
[[0;32m  OK  [0m] Reached target Swap.
[    5.277648] systemd[1]: Created slice User and Session Slice.
[[0;32m  OK  [0m] Created slice User and Session Slice.
[    5.279143] systemd[1]: Started Forward Password Requests to Wall Directory Watch.
[[0;32m  OK  [0m] Started Forward Password Requests to Wall Directory Watch.
[    5.280927] systemd[1]: Reached target Mounting snaps.
[[0;32m  OK  [0m] Reached target Mounting snaps.
[    5.282157] systemd[1]: Reached target System Time Synchronized.
[[0;32m  OK  [0m] Reached target System Time Synchronized.
[[0;32m  OK  [0m] Reached target User and Group Name Lookups.
[[0;32m  OK  [0m] Reached target Mounted snaps.
[[0;32m  OK  [0m] Created slice System Slice.
[[0;32m  OK  [0m] Listening on LVM2 metadata daemon socket.
[[0;32m  OK  [0m] Reached target Slices.
[[0;32m  OK  [0m] Listening on Syslog Socket.
[[0;32m  OK  [0m] Listening on udev Kernel Socket.
[[0;32m  OK  [0m] Listening on fsck to fsckd communication Socket.
[[0;32m  OK  [0m] Listening on Network Service Netlink Socket.
[[0;32m  OK  [0m] Listening on Device-mapper event daemon FIFOs.
[[0;32m  OK  [0m] Listening on Journal Socket (/dev/log).
[[0;32m  OK  [0m] Listening on Journal Audit Socket.
[[0;32m  OK  [0m] Listening on LVM2 poll daemon socket.
[[0;32m  OK  [0m] Created slice system-serial\x2dgetty.slice.
[[0;32m  OK  [0m] Listening on Journal Socket.
         Starting Monitoring of LVM2 mirrors…ng dmeventd or progress polling...
         Starting Set the console keyboard layout...
         Mounting POSIX Message Queue File System...
         Starting Journal Service...
         Mounting Huge Pages File System...
         Mounting Kernel Debug File System...
         Starting Remount Root and Kernel File Systems...
         Starting Uncomplicated firewall...
         Starting Create list of required st…ce nodes for the current kernel...
         Starting Load Kernel Modules...
[[0;32m  OK  [0m] Listening on udev Control Socket.
         Starting udev Coldplug all Devices...
[[0;32m  OK  [0m] Listening on /dev/initctl Compatibility Named Pipe.
[[0;32m  OK  [0m] Mounted POSIX Message Queue File System.
[[0;32m  OK  [0m] Mounted Huge Pages File System.
[[0;32m  OK  [0m] Mounted Kernel Debug File System.
[[0;32m  OK  [0m] Started udev Coldplug all Devices.
[[0;32m  OK  [0m] Started LVM2 metadata daemon.
[[0;32m  OK  [0m] Started Journal Service.
[[0;32m  OK  [0m] Started Create list of required sta…vice nodes for the current kernel.
[    5.412040] Loading iSCSI transport class v2.0-870.
[[0;32m  OK  [0m] Started Uncomplicated firewall.
         Starting Create Static Device Nodes in /dev...
[    5.419504] iscsi: registered transport (tcp)
[    5.431655] EXT4-fs (sda1): re-mounted. Opts: (null)
[[0;32m  OK  [0m] Started Remount Root and Kernel File Systems.
         Starting Flush Journal to Persistent Storage...
         Starting Load/Save Random Seed...
[    5.453855] iscsi: registered transport (iser)
[[0;32m  OK  [0m] Started Monitoring of LVM2 mirrors,…sing dmeventd or progress polling.
[[0;32m  OK  [0m] Started Load Kernel Modules.
         Mounting FUSE Control File System...
         Starting Apply Kernel Variables...
         Mounting Kernel Configuration File System...
[[0;32m  OK  [0m] Mounted FUSE Control File System.
[[0;32m  OK  [0m] Mounted Kernel Configuration File System.
[    5.490852] systemd-journald[408]: Received request to flush runtime journal from PID 1
[[0;32m  OK  [0m] Started Load/Save Random Seed.
[[0;32m  OK  [0m] Started Create Static Device Nodes in /dev.
[[0;32m  OK  [0m] Started Apply Kernel Variables.
[[0;32m  OK  [0m] Started Set the console keyboard layout.
         Starting udev Kernel Device Manager...
[[0;32m  OK  [0m] Reached target Local File Systems (Pre).
[[0;32m  OK  [0m] Reached target Local File Systems.
         Starting ebtables ruleset management...
         Starting Set console font and keymap...
         Starting Tell Plymouth To Write Out Runtime Data...
         Starting AppArmor initialization...
[[0;32m  OK  [0m] Started udev Kernel Device Manager.
[[0;32m  OK  [0m] Started Dispatch Password Requests to Console Directory Watch.
[[0;32m  OK  [0m] Reached target Local Encrypted Volumes.
[[0;32m  OK  [0m] Started Set console font and keymap.
[[0;32m  OK  [0m] Started Tell Plymouth To Write Out Runtime Data.
[[0;32m  OK  [0m] Started Flush Journal to Persistent Storage.
[[0;32m  OK  [0m] Found device /dev/ttyS0.
[[0;32m  OK  [0m] Started ebtables ruleset management.
         Starting Create Volatile Files and Directories...
[[0;32m  OK  [0m] Started Create Volatile Files and Directories.
         Starting Update UTMP about System Boot/Shutdown...
[[0;32m  OK  [0m] Started Update UTMP about System Boot/Shutdown.
[[0;32m  OK  [0m] Listening on Load/Save RF Kill Switch Status /dev/rfkill Watch.
[[0;32m  OK  [0m] Started AppArmor initialization.
         Starting Load AppArmor profiles managed internally by snapd...
         Starting Initial cloud-init job (pre-networking)...
         Mounting Arbitrary Executable File Formats File System...
[[0;32m  OK  [0m] Mounted Arbitrary Executable File Formats File System.
[[0;32m  OK  [0m] Started Load AppArmor profiles managed internally by snapd.
[    7.346092] cloud-init[559]: Cloud-init v. 23.1.2-0ubuntu0~18.04.1 running 'init-local' at Sat, 11 Nov 2023 02:08:49 +0000. Up 7.19 seconds.
[[0;32m  OK  [0m] Started Initial cloud-init job (pre-networking).
[[0;32m  OK  [0m] Reached target Network (Pre).
         Starting Network Service...
[[0;32m  OK  [0m] Started Network Service.
         Starting Wait for Network to be Configured...
         Starting Network Name Resolution...
[[0;32m  OK  [0m] Started Network Name Resolution.
[[0;32m  OK  [0m] Reached target Host and Network Name Lookups.
[[0;32m  OK  [0m] Reached target Network.
[[0;32m  OK  [0m] Started Wait for Network to be Configured.
         Starting Initial cloud-init job (metadata service crawler)...
[    9.423010] cloud-init[680]: Cloud-init v. 23.1.2-0ubuntu0~18.04.1 running 'init' at Sat, 11 Nov 2023 02:08:51 +0000. Up 9.32 seconds.
[    9.423884] cloud-init[680]: ci-info: ++++++++++++++++++++++++++++++++++++++Net device info++++++++++++++++++++++++++++++++++++++
[    9.424711] cloud-init[680]: ci-info: +--------+------+----------------------------+---------------+--------+-------------------+
[    9.426006] cloud-init[680]: ci-info: | Device |  Up  |          Address           |      Mask     | Scope  |     Hw-Address    |
[    9.427056] cloud-init[680]: ci-info: +--------+------+----------------------------+---------------+--------+-------------------+
[    9.428090] cloud-init[680]: ci-info: | enp0s3 | True |         10.0.2.15          | 255.255.255.0 | global | 02:3b:7b:b7:3b:2d |
[    9.429092] cloud-init[680]: ci-info: | enp0s3 | True | fe80::3b:7bff:feb7:3b2d/64 |       .       |  link  | 02:3b:7b:b7:3b:2d |
[    9.430073] cloud-init[680]: ci-info: |   lo   | True |         127.0.0.1          |   255.0.0.0   |  host  |         .         |
[    9.431074] cloud-init[680]: ci-info: |   lo   | True |          ::1/128           |       .       |  host  |         .         |
[    9.432091] cloud-init[680]: ci-info: +--------+------+----------------------------+---------------+--------+-------------------+
[    9.433099] cloud-init[680]: ci-info: ++++++++++++++++++++++++++++Route IPv4 info+++++++++++++++++++++++++++++
[    9.434007] cloud-init[680]: ci-info: +-------+-------------+----------+-----------------+-----------+-------+
[    9.434871] cloud-init[680]: ci-info: | Route | Destination | Gateway  |     Genmask     | Interface | Flags |
[    9.435734] cloud-init[680]: ci-info: +-------+-------------+----------+-----------------+-----------+-------+
[    9.436833] cloud-init[680]: ci-info: |   0   |   0.0.0.0   | 10.0.2.2 |     0.0.0.0     |   enp0s3  |   UG  |
[    9.437770] cloud-init[680]: ci-info: |   1   |   10.0.2.0  | 0.0.0.0  |  255.255.255.0  |   enp0s3  |   U   |
[    9.438636] cloud-init[680]: ci-info: |   2   |   10.0.2.2  | 0.0.0.0  | 255.255.255.255 |   enp0s3  |   UH  |
[    9.439513] cloud-init[680]: ci-info: +-------+-------------+----------+-----------------+-----------+-------+
[    9.441152] cloud-init[680]: ci-info: +++++++++++++++++++Route IPv6 info+++++++++++++++++++
[    9.443368] cloud-init[680]: ci-info: +-------+-------------+---------+-----------+-------+
[    9.444233] cloud-init[680]: ci-info: | Route | Destination | Gateway | Interface | Flags |
[    9.444972] cloud-init[680]: ci-info: +-------+-------------+---------+-----------+-------+
[    9.445704] cloud-init[680]: ci-info: |   1   |  fe80::/64  |    ::   |   enp0s3  |   U   |
[    9.446427] cloud-init[680]: ci-info: |   3   |    local    |    ::   |   enp0s3  |   U   |
[    9.447166] cloud-init[680]: ci-info: |   4   |   ff00::/8  |    ::   |   enp0s3  |   U   |
[    9.447894] cloud-init[680]: ci-info: +-------+-------------+---------+-----------+-------+
[[0;32m  OK  [0m] Started Initial cloud-init job (metadata service crawler).
[[0;32m  OK  [0m] Reached target System Initialization.
[[0;32m  OK  [0m] Listening on Open-iSCSI iscsid Socket.
[[0;32m  OK  [0m] Started ACPI Events Check.
[[0;32m  OK  [0m] Reached target Paths.
[[0;32m  OK  [0m] Started Ubuntu Advantage Timer for running repeated jobs.
[[0;32m  OK  [0m] Started Daily Cleanup of Temporary Directories.
[[0;32m  OK  [0m] Listening on UUID daemon activation socket.
[[0;32m  OK  [0m] Listening on D-Bus System Message Bus Socket.
         Starting Socket activation for snappy daemon.
[[0;32m  OK  [0m] Listening on cloud-init hotplug hook socket.
[[0;32m  OK  [0m] Started Daily apt download activities.
[[0;32m  OK  [0m] Started Daily apt upgrade and clean activities.
         Starting LXD - unix socket.
[[0;32m  OK  [0m] Listening on ACPID Listen Socket.
[[0;32m  OK  [0m] Started Message of the Day.
[[0;32m  OK  [0m] Started Discard unused blocks once a week.
[[0;32m  OK  [0m] Reached target Timers.
         Starting Docker Socket for the API.
[[0;32m  OK  [0m] Reached target Network is Online.
[[0;32m  OK  [0m] Reached target Remote File Systems (Pre).
         Starting Availability of block devices...
         Mounting /vagrant...
[[0;32m  OK  [0m] Reached target Cloud-config availability.
[[0;32m  OK  [0m] Listening on Socket activation for snappy daemon.
[[0;32m  OK  [0m] Listening on LXD - unix socket.
[[0;32m  OK  [0m] Listening on Docker Socket for the API.
[[0;32m  OK  [0m] Reached target Sockets.
[[0;32m  OK  [0m] Reached target Basic System.
         Starting containerd container runtime...
         Starting Jenkins Continuous Integration Server...
[[0;32m  OK  [0m] Started irqbalance daemon.
         Starting Login Service...
         Starting Virtualbox guest utils...
         Starting LSB: Record successful boot for GRUB...
         Starting Dispatcher daemon for systemd-networkd...
         Starting OpenBSD Secure Shell server...
         Starting Accounts Service...
[[0;32m  OK  [0m] Started FUSE filesystem for LXC.
[[0;32m  OK  [0m] Started D-Bus System Message Bus.
[[0;32m  OK  [0m] Started Deferred execution scheduler.
[[0;32m  OK  [0m] Reached target Login Prompts (Pre).
         Starting System Logging Service...
[[0;32m  OK  [0m] Started Regular background program processing daemon.
         Starting LXD - container startup/shutdown...
         Starting Snap Daemon...
[[0;32m  OK  [0m] Started System Logging Service.
[[0;32m  OK  [0m] Started Availability of block devices.
[[0;32m  OK  [0m] Mounted /vagrant.
[[0;32m  OK  [0m] Started Login Service.
[[0;32m  OK  [0m] Started Unattended Upgrades Shutdown.
[[0;32m  OK  [0m] Reached target Remote File Systems.
         Starting Permit User Sessions...
         Starting LSB: automatic crash report generation...
[[0;32m  OK  [0m] Started OpenBSD Secure Shell server.
[[0;32m  OK  [0m] Started Permit User Sessions.
         Starting Terminate Plymouth Boot Screen...
         Starting Hold until boot process finishes up...
         Starting Authorization Manager...
[[0;32m  OK  [0m] Started Terminate Plymouth Boot Screen.
[[0;32m  OK  [0m] Started Hold until boot process finishes up.
[[0;32m  OK  [0m] Started Serial Getty on ttyS0.
         Starting Set console scheme...
[[0;32m  OK  [0m] Started LSB: Record successful boot for GRUB.
[[0;32m  OK  [0m] Started Authorization Manager.
[[0;32m  OK  [0m] Started Accounts Service.
[[0;32m  OK  [0m] Started Set console scheme.
[[0;32m  OK  [0m] Created slice system-getty.slice.
[[0;32m  OK  [0m] Started Getty on tty1.
[[0;32m  OK  [0m] Reached target Login Prompts.
[[0;32m  OK  [0m] Started Virtualbox guest utils.
[[0;32m  OK  [0m] Started LSB: automatic crash report generation.
[[0;32m  OK  [0m] Started Dispatcher daemon for systemd-networkd.
[[0;32m  OK  [0m] Started LXD - container startup/shutdown.
[[0;32m  OK  [0m] Started Snap Daemon.
         Starting Wait until snapd is fully seeded...
[[0;32m  OK  [0m] Started containerd container runtime.
         Starting Docker Application Container Engine...
         Starting Time & Date Service...
[[0;32m  OK  [0m] Started Time & Date Service.
[[0;32m  OK  [0m] Started Wait until snapd is fully seeded.
         Starting Apply the settings specified in cloud-config...
[   12.891187] cloud-init[1287]: Cloud-init v. 23.1.2-0ubuntu0~18.04.1 running 'modules:config' at Sat, 11 Nov 2023 02:08:54 +0000. Up 12.76 seconds.
[[0;32m  OK  [0m] Started Apply the settings specified in cloud-config.

Ubuntu 18.04.6 LTS ubuntu-bionic ttyS0

ubuntu-bionic login: [   22.170839] cloud-init[1596]: Cloud-init v. 23.1.2-0ubuntu0~18.04.1 running 'modules:final' at Sat, 11 Nov 2023 02:09:03 +0000. Up 22.01 seconds.
[   22.171294] cloud-init[1596]: Cloud-init v. 23.1.2-0ubuntu0~18.04.1 finished at Sat, 11 Nov 2023 02:09:03 +0000. Datasource DataSourceNoCloud [seed=/dev/sdb][dsmode=net].  Up 22.16 seconds
